<?xml version="1.0" encoding="UTF-8"?>
<!-- Generated by org.testng.reporters.JUnitReportReporter -->
<testsuite hostname="DESKTOP-VLAJNG1" failures="0" tests="5" name="com.ots.test.api.OTSApiTest" time="67.975" errors="0" timestamp="2022-09-21T15:27:31 IST" skipped="0">
  <testcase classname="com.ots.test.api.OTSApiTest" name="authenticate" time="7.185"/>
  <testcase classname="com.ots.test.api.OTSApiTest" name="login" time="33.568"/>
  <testcase classname="com.ots.test.api.OTSApiTest" name="getclientKey" time="0.017"/>
  <testcase classname="com.ots.test.api.OTSApiTest" name="getAccessTokenApi" time="3.041"/>
  <testcase classname="com.ots.test.api.OTSApiTest" name="getWarehouse" time="24.164"/>
</testsuite> <!-- com.ots.test.api.OTSApiTest -->
