<?xml version="1.0" encoding="UTF-8"?>
<!-- Generated by org.testng.reporters.JUnitReportReporter -->
<testsuite hostname="DESKTOP-VLAJNG1" failures="0" tests="11" name="com.ots.test.ui.OtsEnhancement" time="152.733" errors="0" timestamp="2022-09-19T17:00:19 IST" skipped="0">
  <testcase classname="com.ots.test.ui.OtsEnhancement" name="topBarTest" time="38.792"/>
  <testcase classname="com.ots.test.ui.OtsEnhancement" name="topBarTestWithOtsCalculation" time="18.918"/>
  <testcase classname="com.ots.test.ui.OtsEnhancement" name="topBarWithOtsDate" time="19.057"/>
  <testcase classname="com.ots.test.ui.OtsEnhancement" name="topBarWithDisplayStock" time="13.644"/>
  <testcase classname="com.ots.test.ui.OtsEnhancement" name="reportsUrlPatternTest" time="9.461"/>
  <testcase classname="com.ots.test.ui.OtsEnhancement" name="otsByDateUrlTest" time="6.304"/>
  <testcase classname="com.ots.test.ui.OtsEnhancement" name="wmsUrlTest" time="12.537"/>
  <testcase classname="com.ots.test.ui.OtsEnhancement" name="wmsSubComponentTest" time="12.583"/>
  <testcase classname="com.ots.test.ui.OtsEnhancement" name="refreshURlPattern" time="6.706"/>
  <testcase classname="com.ots.test.ui.OtsEnhancement" name="incorrectEndPoints" time="5.230"/>
  <testcase classname="com.ots.test.ui.OtsEnhancement" name="caseInsensitiveEndPoints" time="9.501"/>
</testsuite> <!-- com.ots.test.ui.OtsEnhancement -->
