<?xml version="1.0" encoding="UTF-8"?>
<!-- Generated by org.testng.reporters.JUnitReportReporter -->
<testsuite hostname="DESKTOP-VLAJNG1" failures="0" tests="27" name="com.ots.test.ui.NegativeLoginTest" time="1161.786" errors="0" timestamp="2022-09-09T15:56:55 IST" skipped="0">
  <testcase classname="com.ots.test.ui.NegativeLoginTest" name="LoginTitleName" time="9.830"/>
  <testcase classname="com.ots.test.ui.NegativeLoginTest" name="LoginComponents" time="9.424"/>
  <testcase classname="com.ots.test.ui.NegativeLoginTest" name="loginWithoutDetails" time="9.734"/>
  <testcase classname="com.ots.test.ui.NegativeLoginTest" name="validUserNameTextAndBlankPassword" time="17.447"/>
  <testcase classname="com.ots.test.ui.NegativeLoginTest" name="invalidUserNameSendOnlyName" time="24.867"/>
  <testcase classname="com.ots.test.ui.NegativeLoginTest" name="invalidUserNameSendOnlyNameTest" time="20.326"/>
  <testcase classname="com.ots.test.ui.NegativeLoginTest" name="invalidUserNameSendOnlyNameTest1" time="23.935"/>
  <testcase classname="com.ots.test.ui.NegativeLoginTest" name="validPasswordAndBlankUserName" time="19.684"/>
  <testcase classname="com.ots.test.ui.NegativeLoginTest" name="invalidUserNameTextAndValidPassword" time="25.203"/>
  <testcase classname="com.ots.test.ui.NegativeLoginTest" name="invalidUserNameAndPassWord" time="26.989"/>
  <testcase classname="com.ots.test.ui.NegativeLoginTest" name="login" time="21.982"/>
  <testcase classname="com.ots.test.ui.NegativeLoginTest" name="otsDateTestCheckEmptyDate" time="28.227"/>
  <testcase classname="com.ots.test.ui.NegativeLoginTest" name="otsDateEmptyDateFieldAndErrorMessage" time="6.216"/>
  <testcase classname="com.ots.test.ui.NegativeLoginTest" name="otsDateCSSTest" time="8.202"/>
  <testcase classname="com.ots.test.ui.NegativeLoginTest" name="runReportWithEmptyDate" time="17.692"/>
  <testcase classname="com.ots.test.ui.NegativeLoginTest" name="otsDatePastDateTest" time="15.860"/>
  <testcase classname="com.ots.test.ui.NegativeLoginTest" name="otsDatePastDateErrorText" time="5.130"/>
  <testcase classname="com.ots.test.ui.NegativeLoginTest" name="otsDatecssAndRunReportTest" time="6.123"/>
  <testcase classname="com.ots.test.ui.NegativeLoginTest" name="otsDatefutureDate" time="22.945"/>
  <testcase classname="com.ots.test.ui.NegativeLoginTest" name="otsDateAddDateFieldFutureDayTest" time="15.612"/>
  <testcase classname="com.ots.test.ui.NegativeLoginTest" name="addedDateFieldTest" time="628.501"/>
  <testcase classname="com.ots.test.ui.NegativeLoginTest" name="otsDatePresentDate" time="29.413"/>
  <testcase classname="com.ots.test.ui.NegativeLoginTest" name="runReportWithSameDate" time="33.172"/>
  <testcase classname="com.ots.test.ui.NegativeLoginTest" name="runReportWithPastDate" time="39.687"/>
  <testcase classname="com.ots.test.ui.NegativeLoginTest" name="runReportWithPastDateField" time="42.036"/>
  <testcase classname="com.ots.test.ui.NegativeLoginTest" name="runReportDatePresentDate" time="26.889"/>
  <testcase classname="com.ots.test.ui.NegativeLoginTest" name="runReportDateNoOption" time="26.660"/>
</testsuite> <!-- com.ots.test.ui.NegativeLoginTest -->
