<?xml version="1.0" encoding="UTF-8"?>
<!-- Generated by org.testng.reporters.JUnitReportReporter -->
<testsuite hostname="DESKTOP-VLAJNG1" failures="0" tests="18" name="com.ots.test.ui.DashboardTest" time="161.864" errors="0" timestamp="2022-09-28T20:17:08 IST" skipped="0">
  <testcase classname="com.ots.test.ui.DashboardTest" name="login" time="20.939"/>
  <testcase classname="com.ots.test.ui.DashboardTest" name="landingWelcomePage" time="13.958"/>
  <testcase classname="com.ots.test.ui.DashboardTest" name="dashboardIconTest" time="6.326"/>
  <testcase classname="com.ots.test.ui.DashboardTest" name="ClientNameTest" time="4.173"/>
  <testcase classname="com.ots.test.ui.DashboardTest" name="sideBarLogoTest" time="6.267"/>
  <testcase classname="com.ots.test.ui.DashboardTest" name="headerToggleIconTestbeforeClick" time="6.357"/>
  <testcase classname="com.ots.test.ui.DashboardTest" name="headerToggleIconTestAfterClick" time="6.253"/>
  <testcase classname="com.ots.test.ui.DashboardTest" name="themeIconTestbeforeClick" time="6.368"/>
  <testcase classname="com.ots.test.ui.DashboardTest" name="themeIconTestAfterClick" time="6.266"/>
  <testcase classname="com.ots.test.ui.DashboardTest" name="bellIconTestBeforeClick" time="9.390"/>
  <testcase classname="com.ots.test.ui.DashboardTest" name="bellIconAfterClick" time="3.137"/>
  <testcase classname="com.ots.test.ui.DashboardTest" name="bellIconAfterClickCSS" time="11.335"/>
  <testcase classname="com.ots.test.ui.DashboardTest" name="profileName" time="3.179"/>
  <testcase classname="com.ots.test.ui.DashboardTest" name="profileIconTestBeforeClick" time="6.319"/>
  <testcase classname="com.ots.test.ui.DashboardTest" name="profileIconTestAfterClick" time="11.314"/>
  <testcase classname="com.ots.test.ui.DashboardTest" name="NavigateToDashboard" time="9.699"/>
  <testcase classname="com.ots.test.ui.DashboardTest" name="NavigateToReports" time="15.887"/>
  <testcase classname="com.ots.test.ui.DashboardTest" name="logOut" time="14.697"/>
</testsuite> <!-- com.ots.test.ui.DashboardTest -->
