<?xml version="1.0" encoding="UTF-8"?>
<!-- Generated by org.testng.reporters.JUnitReportReporter -->
<testsuite hostname="Nexgen84" failures="0" tests="4" name="com.runway.test.ui.SyncJobs" time="114.603" errors="0" timestamp="2022-12-07T17:56:48 IST" skipped="0">
  <testcase classname="com.runway.test.ui.SyncJobs" name="SyncJObsTest" time="54.881"/>
  <testcase classname="com.runway.test.ui.SyncJobs" name="purchaseOrderCountTest" time="6.220"/>
  <testcase classname="com.runway.test.ui.SyncJobs" name="successCountTest" time="32.453"/>
  <testcase classname="com.runway.test.ui.SyncJobs" name="failedCountTest" time="21.049"/>
</testsuite> <!-- com.runway.test.ui.SyncJobs -->
