<?xml version="1.0" encoding="UTF-8"?>
<!-- Generated by org.testng.reporters.JUnitReportReporter -->
<testsuite hostname="Nexgen84" failures="0" tests="7" name="com.runway.test.ui.SyncData" time="368.473" errors="0" timestamp="2022-12-08T17:02:37 IST" skipped="1">
  <testcase classname="com.runway.test.ui.SyncData" name="syncDataUITest" time="50.041"/>
  <testcase classname="com.runway.test.ui.SyncData" name="jobTriggeredTimeTest" time="263.453"/>
  <testcase classname="com.runway.test.ui.SyncData" name="syncDataSuccessStatusTest" time="24.410"/>
  <testcase classname="com.runway.test.ui.SyncData" name="syncDataFailedStatusTest" time="21.372"/>
  <testcase classname="com.runway.test.ui.SyncData" name="reprocessTestForFailedNoPODetails" time="6.127"/>
  <testcase classname="com.runway.test.ui.SyncData" name="reprocessForFailedJobs" time="3.070"/>
  <testcase classname="com.runway.test.ui.SyncData" name="syncStatus">
    <skipped/>
  </testcase> <!-- syncStatus -->
</testsuite> <!-- com.runway.test.ui.SyncData -->
