<?xml version="1.0" encoding="UTF-8"?>
<!-- Generated by org.testng.reporters.JUnitReportReporter -->
<testsuite hostname="Nexgen84" failures="0" tests="7" name="com.runway.test.ui.SyncSettingsTest" time="101.340" errors="0" timestamp="2022-12-09T20:39:44 IST" skipped="0">
  <testcase classname="com.runway.test.ui.SyncSettingsTest" name="settingsUITest" time="23.186"/>
  <testcase classname="com.runway.test.ui.SyncSettingsTest" name="settingsUITest1" time="15.326"/>
  <testcase classname="com.runway.test.ui.SyncSettingsTest" name="settingsPageForNewUser" time="3.068"/>
  <testcase classname="com.runway.test.ui.SyncSettingsTest" name="validToken" time="6.662"/>
  <testcase classname="com.runway.test.ui.SyncSettingsTest" name="settingsPageForValidToken" time="43.385"/>
  <testcase classname="com.runway.test.ui.SyncSettingsTest" name="defaultSaveButton" time="6.653"/>
  <testcase classname="com.runway.test.ui.SyncSettingsTest" name="removeTokenTest" time="3.060"/>
</testsuite> <!-- com.runway.test.ui.SyncSettingsTest -->
